proguard/seeds.txt
com.modusgo.twg.TripActivity
com.modusgo.twg.TripActivity: TripActivity()
com.modusgo.twg.WelcomeActivity
com.modusgo.twg.WelcomeActivity: WelcomeActivity()
com.modusgo.twg.customviews.CheckedRelativeLayout
com.modusgo.twg.customviews.CheckedRelativeLayout: CheckedRelativeLayout(android.content.Context,android.util.AttributeSet,int)
com.modusgo.twg.customviews.CheckedRelativeLayout: CheckedRelativeLayout(android.content.Context,android.util.AttributeSet)
com.modusgo.twg.customviews.CheckedRelativeLayout: CheckedRelativeLayout(android.content.Context)
com.modusgo.twg.customviews.CheckedRelativeLayout: void setChecked(boolean)
com.modusgo.twg.customviews.CheckedTypefacedTextView
com.modusgo.twg.customviews.CheckedTypefacedTextView: CheckedTypefacedTextView(android.content.Context,android.util.AttributeSet)
com.modusgo.twg.customviews.CircularProgressBar: void setProgress(int)
com.modusgo.twg.customviews.CircularProgressBar: void setTitle(java.lang.String)
com.modusgo.twg.customviews.CircularProgressBar: void setSubTitle(java.lang.String)
com.modusgo.twg.customviews.CircularProgressBar: void setSubTitleColor(int)
com.modusgo.twg.customviews.CircularProgressBar: void setTitleColor(int)
com.modusgo.twg.customviews.CircularProgressBar: void setSubTitleTypeface(android.graphics.Typeface)
com.modusgo.twg.customviews.CircularProgressBar: void setTitleTypeface(android.graphics.Typeface)
com.modusgo.twg.customviews.CircularProgressBar: java.lang.String getTitle()
com.modusgo.twg.customviews.CircularProgressBar: void setAlpha(float)
com.modusgo.twg.customviews.DynamicImageView
com.modusgo.twg.customviews.DynamicImageView: DynamicImageView(android.content.Context,android.util.AttributeSet)
com.modusgo.twg.customviews.ExpandableHeightGridView
com.modusgo.twg.customviews.ExpandableHeightGridView: ExpandableHeightGridView(android.content.Context)
com.modusgo.twg.customviews.ExpandableHeightGridView: ExpandableHeightGridView(android.content.Context,android.util.AttributeSet)
com.modusgo.twg.customviews.ExpandableHeightGridView: ExpandableHeightGridView(android.content.Context,android.util.AttributeSet,int)
com.modusgo.twg.customviews.ExpandableHeightGridView: void setExpanded(boolean)
com.modusgo.twg.customviews.ExpandablePanel
com.modusgo.twg.customviews.ExpandablePanel: ExpandablePanel(android.content.Context)
com.modusgo.twg.customviews.ExpandablePanel: ExpandablePanel(android.content.Context,android.util.AttributeSet)
com.modusgo.twg.customviews.ExpandablePanel: void setOnExpandListener(com.modusgo.twg.customviews.ExpandablePanel$OnExpandListener)
com.modusgo.twg.customviews.ExpandablePanel: void setCollapsedHeight(int)
com.modusgo.twg.customviews.ExpandablePanel: void setAnimationDuration(int)
com.modusgo.twg.customviews.PieChartView
com.modusgo.twg.customviews.PieChartView: PieChartView(android.content.Context,android.util.AttributeSet,int)
com.modusgo.twg.customviews.PieChartView: PieChartView(android.content.Context,android.util.AttributeSet)
com.modusgo.twg.customviews.PieChartView: PieChartView(android.content.Context)
com.modusgo.twg.customviews.PieChartView: void setChartSectors(com.modusgo.twg.customviews.PieChartView$PieSector[])
com.modusgo.twg.customviews.TypefacedButton
com.modusgo.twg.customviews.TypefacedButton: TypefacedButton(android.content.Context,android.util.AttributeSet)
com.modusgo.twg.customviews.TypefacedEditText
com.modusgo.twg.customviews.TypefacedEditText: TypefacedEditText(android.content.Context,android.util.AttributeSet)
com.modusgo.twg.customviews.TypefacedTextView
com.modusgo.twg.customviews.TypefacedTextView: TypefacedTextView(android.content.Context,android.util.AttributeSet)
com.modusgo.twg.customviews.ViewPager
com.modusgo.twg.customviews.ViewPager: ViewPager(android.content.Context,android.util.AttributeSet)
com.modusgo.twg.customviews.ViewPager: void setSwipeEnabled(boolean)