proguard/mapping.txt
android.support.v4.app.NotificationCompat$NotificationCompatImplBase -> android.support.v4.app.bj:
    302:309:android.app.Notification build(android.support.v4.app.NotificationCompat$Builder) -> a
android.support.v4.app.NotificationCompat$NotificationCompatImplGingerbread -> android.support.v4.app.bk:
    362:371:android.app.Notification build(android.support.v4.app.NotificationCompat$Builder) -> a
android.support.v4.app.NotificationCompat$NotificationCompatImplHoneycomb -> android.support.v4.app.bl:
    378:378:android.app.Notification build(android.support.v4.app.NotificationCompat$Builder) -> a
android.support.v4.app.NotificationCompat$NotificationCompatImplIceCreamSandwich -> android.support.v4.app.bm:
    387:387:android.app.Notification build(android.support.v4.app.NotificationCompat$Builder) -> a
android.support.v4.app.NotificationCompat$NotificationCompatImplJellybean -> android.support.v4.app.bn:
    397:405:android.app.Notification build(android.support.v4.app.NotificationCompat$Builder) -> a
android.support.v4.app.NotificationCompat$NotificationCompatImplKitKat -> android.support.v4.app.bo:
    461:469:android.app.Notification build(android.support.v4.app.NotificationCompat$Builder) -> a
android.support.v4.app.NotificationCompat$Style -> android.support.v4.app.bp:
    android.support.v4.app.NotificationCompat$Builder mBuilder -> d
    java.lang.CharSequence mBigContentTitle -> e
    java.lang.CharSequence mSummaryText -> f
    boolean mSummaryTextSet -> g
    1214:1220:void setBuilder(android.support.v4.app.NotificationCompat$Builder) -> a
android.support.v4.app.NotificationCompatApi20 -> android.support.v4.app.bq:
android.support.v4.app.NotificationCompatApi20$Builder -> android.support.v4.app.br:
    android.app.Notification$Builder b -> a
    76:88:void addAction(android.support.v4.app.NotificationCompatBase$Action) -> a
    92:92:android.app.Notification$Builder getBuilder() -> a
    96:96:android.app.Notification build() -> b
android.support.v4.app.NotificationCompatBase -> android.support.v4.app.bs:
android.support.v4.app.NotificationCompatBase$Action -> android.support.v4.app.bt:
    int getIcon() -> a
    java.lang.CharSequence getTitle() -> b
    android.app.PendingIntent getActionIntent() -> c
    android.os.Bundle getExtras() -> d
    android.support.v4.app.RemoteInputCompatBase$RemoteInput[] getRemoteInputs() -> f
android.support.v4.app.NotificationCompatBase$Action$Factory -> android.support.v4.app.bu:
android.support.v4.app.NotificationCompatGingerbread -> android.support.v4.app.bv:
    27:29:android.app.Notification add(android.app.Notification,android.content.Context,java.lang.CharSequence,java.lang.CharSequence,android.app.PendingIntent,android.app.PendingIntent) -> a
android.support.v4.app.NotificationCompatHoneycomb -> android.support.v4.app.bw:
    30:52:android.app.Notification add(android.content.Context,android.app.Notification,java.lang.CharSequence,java.lang.CharSequence,java.lang.CharSequence,android.widget.RemoteViews,int,android.app.PendingIntent,android.app.PendingIntent,android.graphics.Bitmap) -> a
android.support.v4.app.NotificationCompatIceCreamSandwich -> android.support.v4.app.bx:
    31:54:android.app.Notification add(android.content.Context,android.app.Notification,java.lang.CharSequence,java.lang.CharSequence,java.lang.CharSequence,android.widget.RemoteViews,int,android.app.PendingIntent,android.app.PendingIntent,android.graphics.Bitmap,int,int,boolean) -> a